<?xml version="1.0" encoding="UTF-8"?>
<testsuite name="BeanLifeCycle.LibraryTest" tests="1" skipped="0" failures="0" errors="0" timestamp="2019-10-09T05:25:18" hostname="PLATOW42S2202" time="0.006">
  <properties/>
  <testcase name="testSomeLibraryMethod" classname="BeanLifeCycle.LibraryTest" time="0.006"/>
  <system-out><![CDATA[]]></system-out>
  <system-err><![CDATA[]]></system-err>
</testsuite>
